Base path: '/Applications/Unity/Hub/Editor/2019.3.12f1/Unity.app/Contents', plugins path '/Applications/Unity/Hub/Editor/2019.3.12f1/Unity.app/Contents/PlaybackEngines'
Cmd: initializeCompiler
Cmd: compileComputeKernel
  api=14 insize=18731 outsize=11282 ok=1
Cmd: translateComputeKernel
  api=14 insize=9901 outsize=16818 ok=1
Cmd: translateComputeKernel
  api=14 insize=11742 outsize=25434 ok=1
Cmd: compileComputeKernel
  api=14 insize=5032 outsize=7304 ok=1
Cmd: compileComputeKernel
  api=14 insize=7960 outsize=3081 ok=1
Cmd: translateComputeKernel
  api=14 insize=3239 outsize=3961 ok=1
Cmd: compileComputeKernel
  api=14 insize=9919 outsize=2923 ok=1
Cmd: compileComputeKernel
  api=14 insize=9919 outsize=2957 ok=1
Cmd: translateComputeKernel
  api=14 insize=2955 outsize=4390 ok=1
Cmd: translateComputeKernel
  api=14 insize=3102 outsize=4639 ok=1
Cmd: compileComputeKernel
  api=14 insize=6546 outsize=3842 ok=1
Cmd: compileComputeKernel
  api=14 insize=3158 outsize=48467 ok=1
Cmd: compileComputeKernel
  api=14 insize=11176 outsize=11289 ok=1
Cmd: translateComputeKernel
  api=14 insize=11445 outsize=22649 ok=1
Cmd: compileComputeKernel
  error: 1 plat 14 at Tensor.cginc(141): use of potentially uninitialized variable (ReadonlyTensor::SafeGet)
  api=14 insize=47665 outsize=3884 ok=1
Cmd: compileComputeKernel
  api=14 insize=47665 outsize=3353 ok=1
Cmd: compileComputeKernel
  api=14 insize=47665 outsize=3263 ok=1
Cmd: compileComputeKernel
  api=14 insize=47665 outsize=3054 ok=1
Cmd: compileComputeKernel
  api=14 insize=47665 outsize=3731 ok=1
Cmd: compileComputeKernel
  api=14 insize=47665 outsize=3759 ok=1
Cmd: compileComputeKernel
  api=14 insize=47665 outsize=3906 ok=1
Cmd: compileComputeKernel
  api=14 insize=47665 outsize=3337 ok=1
Cmd: translateComputeKernel
  api=14 insize=5001 outsize=7075 ok=1
Cmd: translateComputeKernel
  api=14 insize=3919 outsize=4539 ok=1
Cmd: translateComputeKernel
  api=14 insize=3562 outsize=3646 ok=1
Cmd: translateComputeKernel
  api=14 insize=3934 outsize=4290 ok=1
Cmd: translateComputeKernel
  api=14 insize=3573 outsize=3675 ok=1
Cmd: translateComputeKernel
  api=14 insize=3563 outsize=3672 ok=1
Cmd: translateComputeKernel
  api=14 insize=3580 outsize=3695 ok=1
Cmd: translateComputeKernel
  api=14 insize=4169 outsize=5057 ok=1
Cmd: translateComputeKernel
  api=14 insize=4201 outsize=5103 ok=1
Cmd: translateComputeKernel
  api=14 insize=3578 outsize=3682 ok=1
Cmd: translateComputeKernel
  api=14 insize=4168 outsize=4861 ok=1
Cmd: compileComputeKernel
  api=14 insize=2120 outsize=1477 ok=1
Cmd: compileComputeKernel
  api=14 insize=68835 outsize=3877 ok=1
Cmd: translateComputeKernel
  api=14 insize=4696 outsize=7668 ok=1
Cmd: compileComputeKernel
  api=14 insize=3532 outsize=3205 ok=1
Cmd: compileComputeKernel
  api=14 insize=3174 outsize=815 ok=1
Cmd: compileComputeKernel
  api=14 insize=5591 outsize=6993 ok=1
Cmd: translateComputeKernel
  api=14 insize=6993 outsize=13526 ok=1
Cmd: compileComputeKernel
  api=14 insize=29386 outsize=1223 ok=1
Cmd: compileComputeKernel
  api=14 insize=29386 outsize=1345 ok=1
Cmd: compileComputeKernel
  api=14 insize=29386 outsize=2172 ok=1
Cmd: compileComputeKernel
  api=14 insize=29386 outsize=2207 ok=1
Cmd: compileComputeKernel
  api=14 insize=29386 outsize=2600 ok=1
Cmd: compileComputeKernel
  api=14 insize=29386 outsize=2855 ok=1
Cmd: compileComputeKernel
  api=14 insize=29386 outsize=2731 ok=1
Cmd: compileComputeKernel
  api=14 insize=29386 outsize=2682 ok=1
Cmd: compileComputeKernel
  api=14 insize=29386 outsize=2592 ok=1
Cmd: compileComputeKernel
  api=14 insize=29386 outsize=2735 ok=1
Cmd: translateComputeKernel
  api=14 insize=2251 outsize=2201 ok=1
Cmd: compileComputeKernel
  api=14 insize=31899 outsize=4913 ok=1
Cmd: translateComputeKernel
  api=14 insize=10961 outsize=19760 ok=1
Cmd: translateComputeKernel
  api=14 insize=2905 outsize=4002 ok=1
Cmd: compileSnippet
  api=14 type=1 insize=1554 outsize=5428 kw=UNITY_PASS_DEFERRED LIGHTPROBE_SH UNITY_HDR_ON pd=UNITY_ENABLE_REFLECTION_BUFFERS UNITY_USE_DITHER_MASK_FOR_ALPHABLENDED_SHADOWS UNITY_PBS_USE_BRDF1 UNITY_SPECCUBE_BOX_PROJECTION UNITY_SPECCUBE_BLENDING UNITY_ENABLE_DETAIL_NORMALMAP SHADER_API_DESKTOP UNITY_COLORSPACE_GAMMA UNITY_LIGHT_PROBE_PROXY_VOLUME UNITY_LIGHTMAP_FULL_HDR ok=1
Cmd: compileSnippet
  api=14 type=0 insize=11846 outsize=2668 kw=SHADOWS_SPLIT_SPHERES pd=UNITY_ENABLE_REFLECTION_BUFFERS UNITY_USE_DITHER_MASK_FOR_ALPHABLENDED_SHADOWS UNITY_PBS_USE_BRDF1 UNITY_SPECCUBE_BOX_PROJECTION UNITY_SPECCUBE_BLENDING UNITY_ENABLE_DETAIL_NORMALMAP SHADER_API_DESKTOP UNITY_COLORSPACE_GAMMA UNITY_LIGHT_PROBE_PROXY_VOLUME UNITY_LIGHTMAP_FULL_HDR ok=1
Cmd: compileSnippet
  api=14 type=0 insize=11809 outsize=1107 kw=BLOOM_LOW COLOR_GRADING_LDR_2D pd=UNITY_ENABLE_REFLECTION_BUFFERS UNITY_USE_DITHER_MASK_FOR_ALPHABLENDED_SHADOWS UNITY_PBS_USE_BRDF1 UNITY_SPECCUBE_BOX_PROJECTION UNITY_SPECCUBE_BLENDING UNITY_ENABLE_DETAIL_NORMALMAP SHADER_API_DESKTOP UNITY_COLORSPACE_GAMMA UNITY_LIGHT_PROBE_PROXY_VOLUME UNITY_LIGHTMAP_FULL_HDR ok=1
Cmd: compileSnippet
  api=14 type=1 insize=1554 outsize=5468 kw=UNITY_PASS_DEFERRED LIGHTPROBE_SH pd=UNITY_ENABLE_REFLECTION_BUFFERS UNITY_USE_DITHER_MASK_FOR_ALPHABLENDED_SHADOWS UNITY_PBS_USE_BRDF1 UNITY_SPECCUBE_BOX_PROJECTION UNITY_SPECCUBE_BLENDING UNITY_ENABLE_DETAIL_NORMALMAP SHADER_API_DESKTOP UNITY_COLORSPACE_GAMMA UNITY_LIGHT_PROBE_PROXY_VOLUME UNITY_LIGHTMAP_FULL_HDR ok=1
Cmd: compileSnippet
  api=14 type=1 insize=2104 outsize=5951 kw=DIRECTIONAL pd=UNITY_ENABLE_REFLECTION_BUFFERS UNITY_USE_DITHER_MASK_FOR_ALPHABLENDED_SHADOWS UNITY_PBS_USE_BRDF1 UNITY_SPECCUBE_BOX_PROJECTION UNITY_SPECCUBE_BLENDING UNITY_ENABLE_DETAIL_NORMALMAP SHADER_API_DESKTOP UNITY_COLORSPACE_GAMMA UNITY_LIGHT_PROBE_PROXY_VOLUME UNITY_LIGHTMAP_FULL_HDR ok=1
